<?xml version="1.0" encoding="UTF-8"?>
<!-- Generated by org.testng.reporters.JUnitReportReporter -->
<testsuite hostname="DJX1JTS1" name="testsel.Gurukulatestcases" tests="5" failures="0" timestamp="3 May 2016 10:03:19 GMT" time="12.794" errors="0">
  <testcase name="branchcreate" time="0.014" classname="testsel.Gurukulatestcases"/>
  <testcase name="branchverify" time="12.773" classname="testsel.Gurukulatestcases"/>
  <testcase name="branchsearch" time="0.003" classname="testsel.Gurukulatestcases"/>
  <testcase name="staffverify" time="0.002" classname="testsel.Gurukulatestcases"/>
  <testcase name="cleardata" time="0.002" classname="testsel.Gurukulatestcases"/>
</testsuite> <!-- testsel.Gurukulatestcases -->
